TN:
SF:C:\Users\pio\Documents\refactored-happiness\client-production\app\app.module.js
FN:1,(anonymous_1)
FN:6,(anonymous_2)
FNF:2
FNH:2
FNDA:1,(anonymous_1)
FNDA:6,(anonymous_2)
DA:1,1
DA:3,1
DA:9,6
DA:41,6
LF:4
LH:4
BRF:0
BRH:0
end_of_record
TN:
SF:C:\Users\pio\Documents\refactored-happiness\client-production\app\menu\menu.module.js
FN:1,(anonymous_1)
FNF:1
FNH:1
FNDA:1,(anonymous_1)
DA:1,1
DA:3,1
LF:2
LH:2
BRF:0
BRH:0
end_of_record
TN:
SF:C:\Users\pio\Documents\refactored-happiness\client-production\app\toolbar\toolbar.module.js
FN:1,(anonymous_1)
FNF:1
FNH:1
FNDA:1,(anonymous_1)
DA:1,1
DA:3,1
LF:2
LH:2
BRF:0
BRH:0
end_of_record
TN:
SF:C:\Users\pio\Documents\refactored-happiness\client-production\app\people\people.module.js
FN:1,(anonymous_1)
FNF:1
FNH:1
FNDA:1,(anonymous_1)
DA:1,1
DA:2,1
LF:2
LH:2
BRF:0
BRH:0
end_of_record
TN:
SF:C:\Users\pio\Documents\refactored-happiness\client-production\app\people\people.service.js
FN:1,(anonymous_1)
FN:8,peopleService
FN:11,getPeopleList
FN:13,(anonymous_4)
FN:19,getEmployeeDetails
FN:21,(anonymous_6)
FNF:6
FNH:2
FNDA:1,(anonymous_1)
FNDA:2,peopleService
FNDA:0,getPeopleList
FNDA:0,(anonymous_4)
FNDA:0,getEmployeeDetails
FNDA:0,(anonymous_6)
DA:1,1
DA:3,1
DA:6,1
DA:8,1
DA:9,2
DA:10,2
DA:12,0
DA:14,0
DA:20,0
DA:22,0
LF:10
LH:6
BRF:0
BRH:0
end_of_record
TN:
SF:C:\Users\pio\Documents\refactored-happiness\client-production\app\people\people-list-resolver.service.js
FN:1,(anonymous_1)
FN:9,peopleListResolverService
FN:14,resolve
FN:17,(anonymous_4)
FN:18,(anonymous_5)
FNF:5
FNH:5
FNDA:1,(anonymous_1)
FNDA:6,peopleListResolverService
FNDA:5,resolve
FNDA:5,(anonymous_4)
FNDA:8,(anonymous_5)
DA:1,1
DA:4,1
DA:7,1
DA:9,1
DA:10,6
DA:14,1
DA:16,5
DA:17,5
DA:18,5
DA:19,8
DA:20,7
DA:22,8
DA:25,4
LF:13
LH:13
BRDA:19,1,0,7
BRDA:19,1,1,1
BRF:2
BRH:2
end_of_record
TN:
SF:C:\Users\pio\Documents\refactored-happiness\client-production\app\projects\projects.module.js
FN:1,(anonymous_1)
FNF:1
FNH:1
FNDA:1,(anonymous_1)
DA:1,1
DA:2,1
LF:2
LH:2
BRF:0
BRH:0
end_of_record
TN:
SF:C:\Users\pio\Documents\refactored-happiness\client-production\app\teams\teams.module.js
FN:1,(anonymous_1)
FNF:1
FNH:1
FNDA:1,(anonymous_1)
DA:1,1
DA:2,1
LF:2
LH:2
BRF:0
BRH:0
end_of_record
TN:
SF:C:\Users\pio\Documents\refactored-happiness\client-production\app\menu\menu.controller.js
FN:1,(anonymous_1)
FN:9,MenuController
FN:13,changeState
FNF:3
FNH:3
FNDA:1,(anonymous_1)
FNDA:1,MenuController
FNDA:1,changeState
DA:1,1
DA:3,1
DA:7,1
DA:9,1
DA:10,1
DA:11,1
DA:13,1
DA:14,1
LF:8
LH:8
BRF:0
BRH:0
end_of_record
TN:
SF:C:\Users\pio\Documents\refactored-happiness\client-production\app\people\people-avatar.filter.js
FN:1,(anonymous_1)
FN:6,avatar
FN:7,(anonymous_3)
FNF:3
FNH:1
FNDA:1,(anonymous_1)
FNDA:0,avatar
FNDA:0,(anonymous_3)
DA:1,1
DA:2,1
DA:6,1
DA:7,0
DA:8,0
LF:5
LH:3
BRDA:8,1,0,0
BRDA:8,1,1,0
BRF:2
BRH:0
end_of_record
TN:
SF:C:\Users\pio\Documents\refactored-happiness\client-production\app\people\people-details.controller.js
FN:1,(anonymous_1)
FN:8,PeopleDetailsController
FN:12,activate
FN:15,(anonymous_4)
FNF:4
FNH:1
FNDA:1,(anonymous_1)
FNDA:0,PeopleDetailsController
FNDA:0,activate
FNDA:0,(anonymous_4)
DA:1,1
DA:2,1
DA:6,1
DA:8,1
DA:9,0
DA:10,0
DA:12,1
DA:14,0
DA:16,0
LF:9
LH:5
BRF:0
BRH:0
end_of_record
TN:
SF:C:\Users\pio\Documents\refactored-happiness\client-production\app\people\people-fullusername.filter.js
FN:1,(anonymous_1)
FN:6,fullusername
FN:7,(anonymous_3)
FNF:3
FNH:1
FNDA:1,(anonymous_1)
FNDA:0,fullusername
FNDA:0,(anonymous_3)
DA:1,1
DA:2,1
DA:6,1
DA:7,0
DA:8,0
LF:5
LH:3
BRF:0
BRH:0
end_of_record
TN:
SF:C:\Users\pio\Documents\refactored-happiness\client-production\app\people\people-list.controller.js
FN:1,(anonymous_1)
FN:8,PeopleListController
FN:16,activate
FN:20,(anonymous_4)
FN:24,(anonymous_5)
FN:32,goToPerson
FNF:6
FNH:5
FNDA:1,(anonymous_1)
FNDA:2,PeopleListController
FNDA:2,activate
FNDA:2,(anonymous_4)
FNDA:1,(anonymous_5)
FNDA:0,goToPerson
DA:1,1
DA:2,1
DA:6,1
DA:8,1
DA:9,2
DA:10,2
DA:11,2
DA:12,2
DA:13,2
DA:14,2
DA:16,1
DA:19,2
DA:21,2
DA:22,2
DA:25,1
DA:26,1
DA:32,1
DA:33,0
LF:18
LH:17
BRF:0
BRH:0
end_of_record
TN:
SF:C:\Users\pio\Documents\refactored-happiness\client-production\app\projects\projects.controller.js
FN:1,(anonymous_1)
FN:7,ProjectsController
FNF:2
FNH:1
FNDA:1,(anonymous_1)
FNDA:0,ProjectsController
DA:1,1
DA:3,1
DA:7,1
LF:3
LH:3
BRF:0
BRH:0
end_of_record
TN:
SF:C:\Users\pio\Documents\refactored-happiness\client-production\app\teams\teams.controller.js
FN:1,(anonymous_1)
FN:6,TeamsController
FNF:2
FNH:1
FNDA:1,(anonymous_1)
FNDA:0,TeamsController
DA:1,1
DA:2,1
DA:6,1
LF:3
LH:3
BRF:0
BRH:0
end_of_record
TN:
SF:C:\Users\pio\Documents\refactored-happiness\client-production\app\toolbar\toolbar.controller.js
FN:1,(anonymous_1)
FN:8,ToolbarController
FN:14,toggleMenu
FNF:3
FNH:3
FNDA:1,(anonymous_1)
FNDA:1,ToolbarController
FNDA:1,toggleMenu
DA:1,1
DA:2,1
DA:6,1
DA:8,1
DA:9,1
DA:10,1
DA:14,1
DA:15,1
LF:8
LH:8
BRF:0
BRH:0
end_of_record
