{
"C:\\Users\\pio\\Documents\\refactored-happiness\\client\\app\\people\\people.controller.js":{"path":"C:\\Users\\pio\\Documents\\refactored-happiness\\client\\app\\people\\people.controller.js","s":{"1":1,"2":1,"3":1,"4":1,"5":2,"6":2,"7":2,"8":2,"9":1,"10":3,"11":3,"12":3},"b":{},"f":{"1":1,"2":2,"3":3,"4":3,"5":2},"fnMap":{"1":{"name":"(anonymous_1)","line":1,"loc":{"start":{"line":1,"column":1},"end":{"line":1,"column":13}}},"2":{"name":"PeopleController","line":8,"loc":{"start":{"line":8,"column":4},"end":{"line":8,"column":80}}},"3":{"name":"activate","line":14,"loc":{"start":{"line":14,"column":8},"end":{"line":14,"column":28}}},"4":{"name":"(anonymous_4)","line":16,"loc":{"start":{"line":16,"column":22},"end":{"line":16,"column":44}}},"5":{"name":"(anonymous_5)","line":20,"loc":{"start":{"line":20,"column":22},"end":{"line":20,"column":52}}}},"statementMap":{"1":{"start":{"line":1,"column":0},"end":{"line":26,"column":5}},"2":{"start":{"line":2,"column":4},"end":{"line":4,"column":57}},"3":{"start":{"line":6,"column":4},"end":{"line":6,"column":88}},"4":{"start":{"line":8,"column":4},"end":{"line":25,"column":5}},"5":{"start":{"line":9,"column":8},"end":{"line":9,"column":22}},"6":{"start":{"line":10,"column":8},"end":{"line":10,"column":16}},"7":{"start":{"line":11,"column":8},"end":{"line":11,"column":31}},"8":{"start":{"line":12,"column":8},"end":{"line":12,"column":19}},"9":{"start":{"line":14,"column":8},"end":{"line":22,"column":9}},"10":{"start":{"line":15,"column":12},"end":{"line":21,"column":18}},"11":{"start":{"line":17,"column":20},"end":{"line":17,"column":41}},"12":{"start":{"line":18,"column":20},"end":{"line":18,"column":72}}},"branchMap":{},"l":{"1":1,"2":1,"6":1,"8":1,"9":2,"10":2,"11":2,"12":2,"14":1,"15":3,"17":3,"18":3}}}
