{
"C:\\Users\\pio\\Documents\\refactored-happiness\\client-production\\app\\app.module.js":{"path":"C:\\Users\\pio\\Documents\\refactored-happiness\\client-production\\app\\app.module.js","s":{"1":1,"2":1,"3":6,"4":6},"b":{},"f":{"1":1,"2":6},"fnMap":{"1":{"name":"(anonymous_1)","line":1,"loc":{"start":{"line":1,"column":1},"end":{"line":1,"column":13}}},"2":{"name":"(anonymous_2)","line":6,"loc":{"start":{"line":6,"column":72},"end":{"line":6,"column":131}}}},"statementMap":{"1":{"start":{"line":1,"column":0},"end":{"line":46,"column":5}},"2":{"start":{"line":3,"column":4},"end":{"line":43,"column":11}},"3":{"start":{"line":9,"column":12},"end":{"line":39,"column":19}},"4":{"start":{"line":41,"column":12},"end":{"line":41,"column":45}}},"branchMap":{},"l":{"1":1,"3":1,"9":6,"41":6}},
"C:\\Users\\pio\\Documents\\refactored-happiness\\client-production\\app\\menu\\menu.module.js":{"path":"C:\\Users\\pio\\Documents\\refactored-happiness\\client-production\\app\\menu\\menu.module.js","s":{"1":1,"2":1},"b":{},"f":{"1":1},"fnMap":{"1":{"name":"(anonymous_1)","line":1,"loc":{"start":{"line":1,"column":1},"end":{"line":1,"column":13}}}},"statementMap":{"1":{"start":{"line":1,"column":0},"end":{"line":4,"column":5}},"2":{"start":{"line":3,"column":4},"end":{"line":3,"column":43}}},"branchMap":{},"l":{"1":1,"3":1}},
"C:\\Users\\pio\\Documents\\refactored-happiness\\client-production\\app\\toolbar\\toolbar.module.js":{"path":"C:\\Users\\pio\\Documents\\refactored-happiness\\client-production\\app\\toolbar\\toolbar.module.js","s":{"1":1,"2":1},"b":{},"f":{"1":1},"fnMap":{"1":{"name":"(anonymous_1)","line":1,"loc":{"start":{"line":1,"column":1},"end":{"line":1,"column":13}}}},"statementMap":{"1":{"start":{"line":1,"column":0},"end":{"line":4,"column":5}},"2":{"start":{"line":3,"column":4},"end":{"line":3,"column":46}}},"branchMap":{},"l":{"1":1,"3":1}},
"C:\\Users\\pio\\Documents\\refactored-happiness\\client-production\\app\\people\\people.module.js":{"path":"C:\\Users\\pio\\Documents\\refactored-happiness\\client-production\\app\\people\\people.module.js","s":{"1":1,"2":1},"b":{},"f":{"1":1},"fnMap":{"1":{"name":"(anonymous_1)","line":1,"loc":{"start":{"line":1,"column":1},"end":{"line":1,"column":13}}}},"statementMap":{"1":{"start":{"line":1,"column":0},"end":{"line":4,"column":5}},"2":{"start":{"line":2,"column":4},"end":{"line":2,"column":32}}},"branchMap":{},"l":{"1":1,"2":1}},
"C:\\Users\\pio\\Documents\\refactored-happiness\\client-production\\app\\people\\people.service.js":{"path":"C:\\Users\\pio\\Documents\\refactored-happiness\\client-production\\app\\people\\people.service.js","s":{"1":1,"2":1,"3":1,"4":1,"5":2,"6":2,"7":0,"8":0,"9":0,"10":0},"b":{},"f":{"1":1,"2":2,"3":0,"4":0,"5":0,"6":0},"fnMap":{"1":{"name":"(anonymous_1)","line":1,"loc":{"start":{"line":1,"column":1},"end":{"line":1,"column":13}}},"2":{"name":"peopleService","line":8,"loc":{"start":{"line":8,"column":8},"end":{"line":8,"column":65}}},"3":{"name":"getPeopleList","line":11,"loc":{"start":{"line":11,"column":31},"end":{"line":11,"column":56}}},"4":{"name":"(anonymous_4)","line":13,"loc":{"start":{"line":13,"column":30},"end":{"line":13,"column":50}}},"5":{"name":"getEmployeeDetails","line":19,"loc":{"start":{"line":19,"column":37},"end":{"line":19,"column":68}}},"6":{"name":"(anonymous_6)","line":21,"loc":{"start":{"line":21,"column":26},"end":{"line":21,"column":46}}}},"statementMap":{"1":{"start":{"line":1,"column":0},"end":{"line":28,"column":5}},"2":{"start":{"line":3,"column":4},"end":{"line":4,"column":48}},"3":{"start":{"line":6,"column":8},"end":{"line":6,"column":73}},"4":{"start":{"line":8,"column":8},"end":{"line":27,"column":9}},"5":{"start":{"line":9,"column":12},"end":{"line":9,"column":80}},"6":{"start":{"line":10,"column":12},"end":{"line":25,"column":13}},"7":{"start":{"line":12,"column":20},"end":{"line":15,"column":26}},"8":{"start":{"line":14,"column":28},"end":{"line":14,"column":49}},"9":{"start":{"line":20,"column":20},"end":{"line":23,"column":22}},"10":{"start":{"line":22,"column":24},"end":{"line":22,"column":45}}},"branchMap":{},"l":{"1":1,"3":1,"6":1,"8":1,"9":2,"10":2,"12":0,"14":0,"20":0,"22":0}},
"C:\\Users\\pio\\Documents\\refactored-happiness\\client-production\\app\\people\\people-list-resolver.service.js":{"path":"C:\\Users\\pio\\Documents\\refactored-happiness\\client-production\\app\\people\\people-list-resolver.service.js","s":{"1":1,"2":1,"3":1,"4":1,"5":6,"6":1,"7":5,"8":5,"9":5,"10":8,"11":7,"12":8,"13":4},"b":{"1":[7,1]},"f":{"1":1,"2":6,"3":5,"4":5,"5":8},"fnMap":{"1":{"name":"(anonymous_1)","line":1,"loc":{"start":{"line":1,"column":1},"end":{"line":1,"column":11}}},"2":{"name":"peopleListResolverService","line":9,"loc":{"start":{"line":9,"column":4},"end":{"line":9,"column":40}}},"3":{"name":"resolve","line":14,"loc":{"start":{"line":14,"column":8},"end":{"line":14,"column":30}}},"4":{"name":"(anonymous_4)","line":17,"loc":{"start":{"line":17,"column":25},"end":{"line":17,"column":41}}},"5":{"name":"(anonymous_5)","line":18,"loc":{"start":{"line":18,"column":50},"end":{"line":18,"column":68}}}},"statementMap":{"1":{"start":{"line":1,"column":0},"end":{"line":28,"column":5}},"2":{"start":{"line":4,"column":4},"end":{"line":5,"column":68}},"3":{"start":{"line":7,"column":4},"end":{"line":7,"column":43}},"4":{"start":{"line":9,"column":4},"end":{"line":27,"column":5}},"5":{"start":{"line":10,"column":8},"end":{"line":12,"column":9}},"6":{"start":{"line":14,"column":8},"end":{"line":26,"column":9}},"7":{"start":{"line":16,"column":12},"end":{"line":16,"column":34}},"8":{"start":{"line":17,"column":12},"end":{"line":24,"column":14}},"9":{"start":{"line":18,"column":16},"end":{"line":23,"column":18}},"10":{"start":{"line":19,"column":20},"end":{"line":21,"column":21}},"11":{"start":{"line":20,"column":24},"end":{"line":20,"column":52}},"12":{"start":{"line":22,"column":20},"end":{"line":22,"column":56}},"13":{"start":{"line":25,"column":12},"end":{"line":25,"column":32}}},"branchMap":{"1":{"line":19,"type":"if","locations":[{"start":{"line":19,"column":20},"end":{"line":19,"column":20}},{"start":{"line":19,"column":20},"end":{"line":19,"column":20}}]}},"l":{"1":1,"4":1,"7":1,"9":1,"10":6,"14":1,"16":5,"17":5,"18":5,"19":8,"20":7,"22":8,"25":4}},
"C:\\Users\\pio\\Documents\\refactored-happiness\\client-production\\app\\projects\\projects.module.js":{"path":"C:\\Users\\pio\\Documents\\refactored-happiness\\client-production\\app\\projects\\projects.module.js","s":{"1":1,"2":1},"b":{},"f":{"1":1},"fnMap":{"1":{"name":"(anonymous_1)","line":1,"loc":{"start":{"line":1,"column":1},"end":{"line":1,"column":13}}}},"statementMap":{"1":{"start":{"line":1,"column":0},"end":{"line":4,"column":5}},"2":{"start":{"line":2,"column":4},"end":{"line":2,"column":35}}},"branchMap":{},"l":{"1":1,"2":1}},
"C:\\Users\\pio\\Documents\\refactored-happiness\\client-production\\app\\teams\\teams.module.js":{"path":"C:\\Users\\pio\\Documents\\refactored-happiness\\client-production\\app\\teams\\teams.module.js","s":{"1":1,"2":1},"b":{},"f":{"1":1},"fnMap":{"1":{"name":"(anonymous_1)","line":1,"loc":{"start":{"line":1,"column":1},"end":{"line":1,"column":13}}}},"statementMap":{"1":{"start":{"line":1,"column":0},"end":{"line":4,"column":5}},"2":{"start":{"line":2,"column":4},"end":{"line":2,"column":31}}},"branchMap":{},"l":{"1":1,"2":1}},
"C:\\Users\\pio\\Documents\\refactored-happiness\\client-production\\app\\menu\\menu.controller.js":{"path":"C:\\Users\\pio\\Documents\\refactored-happiness\\client-production\\app\\menu\\menu.controller.js","s":{"1":1,"2":1,"3":1,"4":1,"5":1,"6":1,"7":1,"8":1},"b":{},"f":{"1":1,"2":1,"3":1},"fnMap":{"1":{"name":"(anonymous_1)","line":1,"loc":{"start":{"line":1,"column":1},"end":{"line":1,"column":13}}},"2":{"name":"MenuController","line":9,"loc":{"start":{"line":9,"column":8},"end":{"line":9,"column":40}}},"3":{"name":"changeState","line":13,"loc":{"start":{"line":13,"column":8},"end":{"line":13,"column":41}}}},"statementMap":{"1":{"start":{"line":1,"column":0},"end":{"line":18,"column":5}},"2":{"start":{"line":3,"column":4},"end":{"line":5,"column":54}},"3":{"start":{"line":7,"column":8},"end":{"line":7,"column":44}},"4":{"start":{"line":9,"column":8},"end":{"line":17,"column":5}},"5":{"start":{"line":10,"column":8},"end":{"line":10,"column":22}},"6":{"start":{"line":11,"column":8},"end":{"line":11,"column":37}},"7":{"start":{"line":13,"column":8},"end":{"line":15,"column":9}},"8":{"start":{"line":14,"column":12},"end":{"line":14,"column":34}}},"branchMap":{},"l":{"1":1,"3":1,"7":1,"9":1,"10":1,"11":1,"13":1,"14":1}},
"C:\\Users\\pio\\Documents\\refactored-happiness\\client-production\\app\\people\\people-avatar.filter.js":{"path":"C:\\Users\\pio\\Documents\\refactored-happiness\\client-production\\app\\people\\people-avatar.filter.js","s":{"1":1,"2":1,"3":1,"4":0,"5":0},"b":{"1":[0,0]},"f":{"1":1,"2":0,"3":0},"fnMap":{"1":{"name":"(anonymous_1)","line":1,"loc":{"start":{"line":1,"column":1},"end":{"line":1,"column":13}}},"2":{"name":"avatar","line":6,"loc":{"start":{"line":6,"column":4},"end":{"line":6,"column":22}}},"3":{"name":"(anonymous_3)","line":7,"loc":{"start":{"line":7,"column":15},"end":{"line":7,"column":33}}}},"statementMap":{"1":{"start":{"line":1,"column":0},"end":{"line":11,"column":5}},"2":{"start":{"line":2,"column":4},"end":{"line":3,"column":33}},"3":{"start":{"line":6,"column":4},"end":{"line":10,"column":5}},"4":{"start":{"line":7,"column":8},"end":{"line":9,"column":9}},"5":{"start":{"line":8,"column":12},"end":{"line":8,"column":101}}},"branchMap":{"1":{"line":8,"type":"cond-expr","locations":[{"start":{"line":8,"column":35},"end":{"line":8,"column":59}},{"start":{"line":8,"column":62},"end":{"line":8,"column":101}}]}},"l":{"1":1,"2":1,"6":1,"7":0,"8":0}},
"C:\\Users\\pio\\Documents\\refactored-happiness\\client-production\\app\\people\\people-details.controller.js":{"path":"C:\\Users\\pio\\Documents\\refactored-happiness\\client-production\\app\\people\\people-details.controller.js","s":{"1":1,"2":1,"3":1,"4":1,"5":0,"6":0,"7":1,"8":0,"9":0},"b":{},"f":{"1":1,"2":0,"3":0,"4":0},"fnMap":{"1":{"name":"(anonymous_1)","line":1,"loc":{"start":{"line":1,"column":1},"end":{"line":1,"column":13}}},"2":{"name":"PeopleDetailsController","line":8,"loc":{"start":{"line":8,"column":4},"end":{"line":8,"column":101}}},"3":{"name":"activate","line":12,"loc":{"start":{"line":12,"column":8},"end":{"line":12,"column":28}}},"4":{"name":"(anonymous_4)","line":15,"loc":{"start":{"line":15,"column":22},"end":{"line":15,"column":47}}}},"statementMap":{"1":{"start":{"line":1,"column":0},"end":{"line":22,"column":5}},"2":{"start":{"line":2,"column":4},"end":{"line":4,"column":71}},"3":{"start":{"line":6,"column":4},"end":{"line":6,"column":111}},"4":{"start":{"line":8,"column":4},"end":{"line":21,"column":5}},"5":{"start":{"line":9,"column":8},"end":{"line":9,"column":22}},"6":{"start":{"line":10,"column":8},"end":{"line":10,"column":19}},"7":{"start":{"line":12,"column":8},"end":{"line":18,"column":9}},"8":{"start":{"line":14,"column":12},"end":{"line":17,"column":18}},"9":{"start":{"line":16,"column":20},"end":{"line":16,"column":46}}},"branchMap":{},"l":{"1":1,"2":1,"6":1,"8":1,"9":0,"10":0,"12":1,"14":0,"16":0}},
"C:\\Users\\pio\\Documents\\refactored-happiness\\client-production\\app\\people\\people-fullusername.filter.js":{"path":"C:\\Users\\pio\\Documents\\refactored-happiness\\client-production\\app\\people\\people-fullusername.filter.js","s":{"1":1,"2":1,"3":1,"4":0,"5":0},"b":{},"f":{"1":1,"2":0,"3":0},"fnMap":{"1":{"name":"(anonymous_1)","line":1,"loc":{"start":{"line":1,"column":1},"end":{"line":1,"column":13}}},"2":{"name":"fullusername","line":6,"loc":{"start":{"line":6,"column":4},"end":{"line":6,"column":28}}},"3":{"name":"(anonymous_3)","line":7,"loc":{"start":{"line":7,"column":15},"end":{"line":7,"column":33}}}},"statementMap":{"1":{"start":{"line":1,"column":0},"end":{"line":11,"column":5}},"2":{"start":{"line":2,"column":4},"end":{"line":3,"column":45}},"3":{"start":{"line":6,"column":4},"end":{"line":10,"column":5}},"4":{"start":{"line":7,"column":8},"end":{"line":9,"column":9}},"5":{"start":{"line":8,"column":12},"end":{"line":8,"column":59}}},"branchMap":{},"l":{"1":1,"2":1,"6":1,"7":0,"8":0}},
"C:\\Users\\pio\\Documents\\refactored-happiness\\client-production\\app\\people\\people-list.controller.js":{"path":"C:\\Users\\pio\\Documents\\refactored-happiness\\client-production\\app\\people\\people-list.controller.js","s":{"1":1,"2":1,"3":1,"4":1,"5":2,"6":2,"7":2,"8":2,"9":2,"10":2,"11":1,"12":2,"13":2,"14":2,"15":1,"16":1,"17":1,"18":0},"b":{},"f":{"1":1,"2":2,"3":2,"4":2,"5":1,"6":0},"fnMap":{"1":{"name":"(anonymous_1)","line":1,"loc":{"start":{"line":1,"column":1},"end":{"line":1,"column":13}}},"2":{"name":"PeopleListController","line":8,"loc":{"start":{"line":8,"column":4},"end":{"line":8,"column":92}}},"3":{"name":"activate","line":16,"loc":{"start":{"line":16,"column":8},"end":{"line":16,"column":28}}},"4":{"name":"(anonymous_4)","line":20,"loc":{"start":{"line":20,"column":22},"end":{"line":20,"column":44}}},"5":{"name":"(anonymous_5)","line":24,"loc":{"start":{"line":24,"column":22},"end":{"line":24,"column":52}}},"6":{"name":"goToPerson","line":32,"loc":{"start":{"line":32,"column":8},"end":{"line":32,"column":35}}}},"statementMap":{"1":{"start":{"line":1,"column":0},"end":{"line":38,"column":5}},"2":{"start":{"line":2,"column":4},"end":{"line":4,"column":65}},"3":{"start":{"line":6,"column":8},"end":{"line":6,"column":106}},"4":{"start":{"line":8,"column":4},"end":{"line":37,"column":5}},"5":{"start":{"line":9,"column":8},"end":{"line":9,"column":22}},"6":{"start":{"line":10,"column":8},"end":{"line":10,"column":16}},"7":{"start":{"line":11,"column":8},"end":{"line":11,"column":17}},"8":{"start":{"line":12,"column":8},"end":{"line":12,"column":29}},"9":{"start":{"line":13,"column":8},"end":{"line":13,"column":35}},"10":{"start":{"line":14,"column":8},"end":{"line":14,"column":19}},"11":{"start":{"line":16,"column":8},"end":{"line":29,"column":9}},"12":{"start":{"line":19,"column":12},"end":{"line":28,"column":18}},"13":{"start":{"line":21,"column":20},"end":{"line":21,"column":41}},"14":{"start":{"line":22,"column":20},"end":{"line":22,"column":72}},"15":{"start":{"line":25,"column":20},"end":{"line":25,"column":63}},"16":{"start":{"line":26,"column":20},"end":{"line":26,"column":63}},"17":{"start":{"line":32,"column":8},"end":{"line":34,"column":9}},"18":{"start":{"line":33,"column":12},"end":{"line":33,"column":56}}},"branchMap":{},"l":{"1":1,"2":1,"6":1,"8":1,"9":2,"10":2,"11":2,"12":2,"13":2,"14":2,"16":1,"19":2,"21":2,"22":2,"25":1,"26":1,"32":1,"33":0}},
"C:\\Users\\pio\\Documents\\refactored-happiness\\client-production\\app\\projects\\projects.controller.js":{"path":"C:\\Users\\pio\\Documents\\refactored-happiness\\client-production\\app\\projects\\projects.controller.js","s":{"1":1,"2":1,"3":1},"b":{},"f":{"1":1,"2":0},"fnMap":{"1":{"name":"(anonymous_1)","line":1,"loc":{"start":{"line":1,"column":1},"end":{"line":1,"column":13}}},"2":{"name":"ProjectsController","line":7,"loc":{"start":{"line":7,"column":4},"end":{"line":7,"column":34}}}},"statementMap":{"1":{"start":{"line":1,"column":0},"end":{"line":10,"column":5}},"2":{"start":{"line":3,"column":4},"end":{"line":5,"column":62}},"3":{"start":{"line":7,"column":4},"end":{"line":9,"column":5}}},"branchMap":{},"l":{"1":1,"3":1,"7":1}},
"C:\\Users\\pio\\Documents\\refactored-happiness\\client-production\\app\\teams\\teams.controller.js":{"path":"C:\\Users\\pio\\Documents\\refactored-happiness\\client-production\\app\\teams\\teams.controller.js","s":{"1":1,"2":1,"3":1},"b":{},"f":{"1":1,"2":0},"fnMap":{"1":{"name":"(anonymous_1)","line":1,"loc":{"start":{"line":1,"column":1},"end":{"line":1,"column":11}}},"2":{"name":"TeamsController","line":6,"loc":{"start":{"line":6,"column":4},"end":{"line":6,"column":30}}}},"statementMap":{"1":{"start":{"line":1,"column":0},"end":{"line":9,"column":5}},"2":{"start":{"line":2,"column":4},"end":{"line":4,"column":51}},"3":{"start":{"line":6,"column":4},"end":{"line":8,"column":5}}},"branchMap":{},"l":{"1":1,"2":1,"6":1}},
"C:\\Users\\pio\\Documents\\refactored-happiness\\client-production\\app\\toolbar\\toolbar.controller.js":{"path":"C:\\Users\\pio\\Documents\\refactored-happiness\\client-production\\app\\toolbar\\toolbar.controller.js","s":{"1":1,"2":1,"3":1,"4":1,"5":1,"6":1,"7":1,"8":1},"b":{},"f":{"1":1,"2":1,"3":1},"fnMap":{"1":{"name":"(anonymous_1)","line":1,"loc":{"start":{"line":1,"column":1},"end":{"line":1,"column":13}}},"2":{"name":"ToolbarController","line":8,"loc":{"start":{"line":8,"column":4},"end":{"line":8,"column":43}}},"3":{"name":"toggleMenu","line":14,"loc":{"start":{"line":14,"column":8},"end":{"line":14,"column":30}}}},"statementMap":{"1":{"start":{"line":1,"column":0},"end":{"line":19,"column":5}},"2":{"start":{"line":2,"column":4},"end":{"line":4,"column":60}},"3":{"start":{"line":6,"column":4},"end":{"line":6,"column":47}},"4":{"start":{"line":8,"column":4},"end":{"line":17,"column":5}},"5":{"start":{"line":9,"column":8},"end":{"line":9,"column":22}},"6":{"start":{"line":10,"column":8},"end":{"line":10,"column":35}},"7":{"start":{"line":14,"column":8},"end":{"line":16,"column":9}},"8":{"start":{"line":15,"column":12},"end":{"line":15,"column":40}}},"branchMap":{},"l":{"1":1,"2":1,"6":1,"8":1,"9":1,"10":1,"14":1,"15":1}}}
